<?xml version="1.0" encoding="UTF-8"?>
<!-- Generated by org.testng.reporters.JUnitReportReporter -->
<testsuite hostname="BS-606" failures="0" tests="1" name="com.safvic.testCases.TC_LoginTest_001" time="15.692" errors="0" timestamp="2023-03-23T15:27:40 BDT" skipped="0">
  <testcase classname="com.safvic.testCases.TC_LoginTest_001" name="loginTest" time="15.692"/>
  <system-out/>
</testsuite> <!-- com.safvic.testCases.TC_LoginTest_001 -->
