<?xml version="1.0" encoding="UTF-8"?>
<!-- Generated by org.testng.reporters.JUnitReportReporter -->
<testsuite hostname="BS-606" failures="0" tests="2" name="com.safvic.testCases.TC_LoginTest_001" time="10.859" errors="0" timestamp="2023-06-02T14:45:14 BDT" skipped="0">
  <testcase classname="com.safvic.testCases.TC_LoginTest_001" name="loginTest" time="8.266"/>
  <system-out/>
  <testcase classname="com.safvic.testCases.TC_LoginTest_001" name="siteUrlTest" time="2.593"/>
  <system-out/>
</testsuite> <!-- com.safvic.testCases.TC_LoginTest_001 -->
