<?xml version="1.0" encoding="UTF-8"?>
<!-- Generated by org.testng.reporters.JUnitReportReporter -->
<testsuite hostname="BS-606" failures="0" tests="1" name="com.safvic.testCases.TC_LoginTest_001" time="19.877" errors="0" timestamp="2023-03-30T18:12:01 BDT" skipped="0">
  <testcase classname="com.safvic.testCases.TC_LoginTest_001" name="loginTest" time="19.877"/>
  <system-out/>
</testsuite> <!-- com.safvic.testCases.TC_LoginTest_001 -->
