<?xml version="1.0" encoding="UTF-8"?>
<!-- Generated by org.testng.reporters.JUnitReportReporter -->
<testsuite hostname="BS-606" failures="0" tests="1" name="com.safvic.testCases.TC_AddLocationTest_006" time="9.117" errors="0" timestamp="2023-05-29T18:17:59 BDT" skipped="0">
  <testcase classname="com.safvic.testCases.TC_AddLocationTest_006" name="NavigateLocation" time="9.117"/>
  <system-out/>
</testsuite> <!-- com.safvic.testCases.TC_AddLocationTest_006 -->
