<?xml version="1.0" encoding="UTF-8"?>
<!-- Generated by org.testng.reporters.JUnitReportReporter -->
<testsuite hostname="BS-606" failures="0" tests="1" name="com.safvic.testCases.TC_CreateIncidentTest_002" time="8.043" errors="0" timestamp="2023-05-10T17:50:48 BDT" skipped="0">
  <testcase classname="com.safvic.testCases.TC_CreateIncidentTest_002" name="CreateIncidentTest" time="8.043"/>
  <system-out/>
</testsuite> <!-- com.safvic.testCases.TC_CreateIncidentTest_002 -->
