<?xml version="1.0" encoding="UTF-8"?>
<!-- Generated by org.testng.reporters.JUnitReportReporter -->
<testsuite hostname="BS-606" failures="0" tests="1" name="com.safvic.testCases.TC_AddOffenseGroupTest_007" time="10.857" errors="0" timestamp="2023-05-25T19:53:55 BDT" skipped="0">
  <testcase classname="com.safvic.testCases.TC_AddOffenseGroupTest_007" name="NavigateOffenses" time="10.857"/>
  <system-out/>
</testsuite> <!-- com.safvic.testCases.TC_AddOffenseGroupTest_007 -->
