<?xml version="1.0" encoding="UTF-8"?>
<!-- Generated by org.testng.reporters.JUnitReportReporter -->
<testsuite hostname="BS-606" failures="0" tests="1" name="com.safvic.testCases.TC_AddLocationTest_006" time="8.194" errors="0" timestamp="2023-06-01T18:54:42 BDT" skipped="0">
  <testcase classname="com.safvic.testCases.TC_AddLocationTest_006" name="NavigateLocation" time="8.194"/>
  <system-out/>
</testsuite> <!-- com.safvic.testCases.TC_AddLocationTest_006 -->
