<?xml version="1.0" encoding="UTF-8"?>
<!-- Generated by org.testng.reporters.JUnitReportReporter -->
<testsuite hostname="DESKTOP-CBNV9KU" failures="0" tests="2" name="com.safvic.testCases.TC_LoginTest_001" time="13.636" errors="0" timestamp="2023-03-20T09:25:25 BDT" skipped="0">
  <testcase classname="com.safvic.testCases.TC_LoginTest_001" name="loginTest" time="12.387"/>
  <system-out/>
  <testcase classname="com.safvic.testCases.TC_LoginTest_001" name="CreateIncidentTest" time="1.249"/>
  <system-out/>
</testsuite> <!-- com.safvic.testCases.TC_LoginTest_001 -->
