<?xml version="1.0" encoding="UTF-8"?>
<!-- Generated by org.testng.reporters.JUnitReportReporter -->
<testsuite hostname="DESKTOP-CBNV9KU" failures="0" tests="1" name="com.safvic.testCases.TC_CreateIncidentTest_002" time="11.326" errors="0" timestamp="2023-03-22T07:16:50 BDT" skipped="0">
  <testcase classname="com.safvic.testCases.TC_CreateIncidentTest_002" name="CreateIncidentTest" time="11.326"/>
  <system-out/>
</testsuite> <!-- com.safvic.testCases.TC_CreateIncidentTest_002 -->
