<?xml version="1.0" encoding="UTF-8"?>
<!-- Generated by org.testng.reporters.JUnitReportReporter -->
<testsuite hostname="BS-606" failures="0" tests="1" name="com.safvic.testCases.TC_CreateSuspectTest_005" time="41.934" errors="0" timestamp="2023-06-02T14:45:14 BDT" skipped="0">
  <testcase classname="com.safvic.testCases.TC_CreateSuspectTest_005" name="CreateSuspect" time="41.934"/>
  <system-out/>
</testsuite> <!-- com.safvic.testCases.TC_CreateSuspectTest_005 -->
