<?xml version="1.0" encoding="UTF-8"?>
<!-- Generated by org.testng.reporters.JUnitReportReporter -->
<testsuite hostname="BS-606" failures="0" tests="1" name="com.safvic.testCases.TC_CreateIncidentTest_002" time="2.603" errors="0" timestamp="2023-03-27T18:06:52 BDT" skipped="0">
  <testcase classname="com.safvic.testCases.TC_CreateIncidentTest_002" name="CreateIncidentTest" time="2.603"/>
  <system-out/>
</testsuite> <!-- com.safvic.testCases.TC_CreateIncidentTest_002 -->
