<?xml version="1.0" encoding="UTF-8"?>
<!-- Generated by org.testng.reporters.JUnitReportReporter -->
<testsuite hostname="BS-606" failures="0" tests="2" name="com.safvic.testCases.TC_LoginTest_001" time="15.952" errors="0" timestamp="2024-01-18T15:42:23 BDT" skipped="0">
  <testcase classname="com.safvic.testCases.TC_LoginTest_001" name="siteUrlTest" time="2.585"/>
  <system-out/>
  <testcase classname="com.safvic.testCases.TC_LoginTest_001" name="loginTest" time="13.367"/>
  <system-out/>
</testsuite> <!-- com.safvic.testCases.TC_LoginTest_001 -->
