<?xml version="1.0" encoding="UTF-8"?>
<!-- Generated by org.testng.reporters.JUnitReportReporter -->
<<<<<<< HEAD
<testsuite hostname="DESKTOP-CBNV9KU" failures="0" tests="1" name="com.safvic.testCases.TC_CreateIncidentTest_002" time="5.922" errors="0" timestamp="2023-03-23T07:19:23 BDT" skipped="0">
  <testcase classname="com.safvic.testCases.TC_CreateIncidentTest_002" name="CreateIncidentTest" time="5.922"/>
=======
<testsuite hostname="BS-606" failures="0" tests="1" name="com.safvic.testCases.TC_CreateIncidentTest_002" time="2.910" errors="0" timestamp="2023-03-23T15:27:40 BDT" skipped="0">
  <testcase classname="com.safvic.testCases.TC_CreateIncidentTest_002" name="CreateIncidentTest" time="2.910"/>
>>>>>>> branch 'master' of https://github.com/Shasan7774/SAFVIC_Automation_V2.git
  <system-out/>
</testsuite> <!-- com.safvic.testCases.TC_CreateIncidentTest_002 -->
