<?xml version="1.0" encoding="UTF-8"?>
<!-- Generated by org.testng.reporters.JUnitReportReporter -->
<testsuite hostname="BS-606" failures="0" tests="1" name="com.safvic.testCases.TC_UpdateIncidentTest_003" time="12.690" errors="0" timestamp="2023-05-23T15:33:11 BDT" skipped="0">
  <testcase classname="com.safvic.testCases.TC_UpdateIncidentTest_003" name="updateIncidenTest" time="12.690"/>
  <system-out/>
</testsuite> <!-- com.safvic.testCases.TC_UpdateIncidentTest_003 -->
