<?xml version="1.0" encoding="UTF-8"?>
<!-- Generated by org.testng.reporters.JUnitReportReporter -->
<testsuite hostname="BS-606" failures="0" tests="1" name="com.safvic.testCases.TC_AddOffenseGroupTest_007" time="11.125" errors="0" timestamp="2023-05-26T12:23:43 BDT" skipped="0">
  <testcase classname="com.safvic.testCases.TC_AddOffenseGroupTest_007" name="NavigateOffenses" time="11.125"/>
  <system-out/>
</testsuite> <!-- com.safvic.testCases.TC_AddOffenseGroupTest_007 -->
