<?xml version="1.0" encoding="UTF-8"?>
<!-- Generated by org.testng.reporters.JUnitReportReporter -->
<testsuite hostname="BS-606" failures="0" tests="1" name="com.safvic.testCases.TC_CreateVictimTest_004" time="18.307" errors="0" timestamp="2023-05-23T15:33:10 BDT" skipped="0">
  <testcase classname="com.safvic.testCases.TC_CreateVictimTest_004" name="CreateVictim" time="18.307"/>
  <system-out/>
</testsuite> <!-- com.safvic.testCases.TC_CreateVictimTest_004 -->
