<?xml version="1.0" encoding="UTF-8"?>
<!-- Generated by org.testng.reporters.JUnitReportReporter -->
<testsuite hostname="BS-606" failures="0" tests="1" name="com.safvic.testCases.TC_CreateSuspectTest_005" time="11.593" errors="0" timestamp="2023-05-25T19:53:55 BDT" skipped="0">
  <testcase classname="com.safvic.testCases.TC_CreateSuspectTest_005" name="CreateSuspect" time="11.593"/>
  <system-out/>
</testsuite> <!-- com.safvic.testCases.TC_CreateSuspectTest_005 -->
