<?xml version="1.0" encoding="UTF-8"?>
<!-- Generated by org.testng.reporters.JUnitReportReporter -->
<testsuite hostname="BS-606" failures="0" tests="1" name="com.safvic.testCases.TC_AddOffenseGroupTest_007" time="9.621" errors="0" timestamp="2023-08-18T18:12:49 BDT" skipped="0">
  <testcase classname="com.safvic.testCases.TC_AddOffenseGroupTest_007" name="NavigateOffenses" time="9.621"/>
  <system-out/>
</testsuite> <!-- com.safvic.testCases.TC_AddOffenseGroupTest_007 -->
