<?xml version="1.0" encoding="UTF-8"?>
<!-- Generated by org.testng.reporters.JUnitReportReporter -->
<testsuite hostname="BS-606" failures="0" tests="1" name="com.safvic.testCases.TC_CreateVictimTest_004" time="18.353" errors="0" timestamp="2024-01-17T11:46:19 BDT" skipped="0">
  <testcase classname="com.safvic.testCases.TC_CreateVictimTest_004" name="CreateVictim" time="18.353"/>
  <system-out/>
</testsuite> <!-- com.safvic.testCases.TC_CreateVictimTest_004 -->
